<?xml version="1.0" encoding="UTF-8"?>
<!-- Generated by org.testng.reporters.JUnitReportReporter -->
<testsuite hostname="BDC6-DX-5G5GXH2" name="org.ravi.helloworld.HelloTest" tests="1" failures="0" timestamp="6 Sep 2019 09:06:38 GMT" time="0.001" errors="0">
  <testcase name="f" time="0.001" classname="org.ravi.helloworld.HelloTest"/>
</testsuite> <!-- org.ravi.helloworld.HelloTest -->
